====================================================================================================
CROSS-COMPARABILITY ANALYSIS
====================================================================================================


Neutrophil Count
----------------------------------------------------------------------------------------------------
  ⚠️  WARNING: Multiple columns detected (potential unit inconsistency)
  Column: Neutrophil count (×10³/µL)
    Records: 217 (2.0%)
    Range: 0.59 - 9.66
    Mean: 2.54, Median: 2.38
    Contributing studies:
  Column: Neutrophil count (×10⁹/L)
    Records: 217 (2.0%)
    Range: 0.59 - 9.66
    Mean: 2.54, Median: 2.38
    Contributing studies:
  Column: Neutrophil count (×10⁹/L).1
    Records: 1,148 (10.4%)
    Range: 0.19 - 9.68
    Mean: 2.79, Median: 2.54
    Contributing studies:

Lymphocyte Count
----------------------------------------------------------------------------------------------------
  ⚠️  WARNING: Multiple columns detected (potential unit inconsistency)
  Column: Lymphocyte count (×10³/µL)
    Records: 217 (2.0%)
    Range: 0.91 - 4.70
    Mean: 2.32, Median: 2.24
    Contributing studies:
  Column: Lymphocyte count (×10⁹/L)
    Records: 217 (2.0%)
    Range: 0.91 - 4.70
    Mean: 2.32, Median: 2.24
    Contributing studies:
  Column: Lymphocyte count (×10⁹/L).1
    Records: 1,153 (10.5%)
    Range: 0.21 - 9.94
    Mean: 1.84, Median: 1.75
    Contributing studies:

Monocyte Count
----------------------------------------------------------------------------------------------------
  ⚠️  WARNING: Multiple columns detected (potential unit inconsistency)
  Column: Monocyte count (×10⁹/L)
    Records: 217 (2.0%)
    Range: 0.14 - 0.94
    Mean: 0.41, Median: 0.39
    Contributing studies:
  Column: Monocyte count (×10⁹/L).1
    Records: 1,052 (9.5%)
    Range: 0.11 - 2.12
    Mean: 0.45, Median: 0.42
    Contributing studies:

Eosinophil Count
----------------------------------------------------------------------------------------------------
  ⚠️  WARNING: Multiple columns detected (potential unit inconsistency)
  Column: Eosinophil count (×10⁹/L)
    Records: 217 (2.0%)
    Range: 0.00 - 0.74
    Mean: 0.13, Median: 0.10
    Contributing studies:
  Column: Eosinophil count (×10⁹/L).1
    Records: 1,052 (9.5%)
    Range: 0.00 - 3.16
    Mean: 0.14, Median: 0.08
    Contributing studies:

Basophil Count
----------------------------------------------------------------------------------------------------
  ⚠️  WARNING: Multiple columns detected (potential unit inconsistency)
  Column: Basophil count (×10⁹/L)
    Records: 217 (2.0%)
    Range: 0.00 - 0.19
    Mean: 0.03, Median: 0.03
    Contributing studies:
  Column: Basophil count (×10⁹/L).1
    Records: 1,052 (9.5%)
    Range: 0.00 - 0.21
    Mean: 0.02, Median: 0.02
    Contributing studies:

HDL Cholesterol
----------------------------------------------------------------------------------------------------
  ⚠️  WARNING: Multiple columns detected (potential unit inconsistency)
  Column: hdl_cholesterol_mg_dL
    Records: 710 (6.4%)
    Range: 0.28 - 3.70
    Mean: 1.12, Median: 1.07
    Contributing studies:
  Column: FASTING HDL
    Records: 2,918 (26.5%)
    Range: 0.10 - 4.18
    Mean: 1.18, Median: 1.12
    Contributing studies:

LDL Cholesterol
----------------------------------------------------------------------------------------------------
  ⚠️  WARNING: Multiple columns detected (potential unit inconsistency)
  Column: ldl_cholesterol_mg_dL
    Records: 710 (6.4%)
    Range: 0.00 - 6.04
    Mean: 1.67, Median: 1.54
    Contributing studies:
  Column: FASTING LDL
    Records: 2,917 (26.5%)
    Range: 0.00 - 9.74
    Mean: 2.30, Median: 2.23
    Contributing studies:

Total Cholesterol
----------------------------------------------------------------------------------------------------
  Column: total_cholesterol_mg_dL
    Records: 1,898 (17.2%)
    Range: 1.12 - 11.98
    Mean: 4.36, Median: 4.27
    Contributing studies:

Triglycerides
----------------------------------------------------------------------------------------------------
  ⚠️  WARNING: Multiple columns detected (potential unit inconsistency)
  Column: Triglycerides (mg/dL)
    Records: 972 (8.8%)
    Range: 0.22 - 10.42
    Mean: 1.04, Median: 0.85
    Contributing studies:
  Column: FASTING TRIGLYCERIDES
    Records: 972 (8.8%)
    Range: 0.22 - 10.42
    Mean: 1.04, Median: 0.85
    Contributing studies:

Mean Corpuscular Hemoglobin
----------------------------------------------------------------------------------------------------
  Column: mch_pg
    Records: 1,052 (9.5%)
    Range: 16.70 - 34.00
    Mean: 28.41, Median: 28.70
    Contributing studies:

Mean Corpuscular Hemoglobin Concentration
----------------------------------------------------------------------------------------------------
  Column: mchc_g_dL
    Records: 1,052 (9.5%)
    Range: 28.30 - 35.90
    Mean: 32.65, Median: 32.70
    Contributing studies:

Red Cell Distribution Width
----------------------------------------------------------------------------------------------------
  Column: RDW
    Records: 217 (2.0%)
    Range: 11.90 - 23.90
    Mean: 14.63, Median: 14.30
    Contributing studies:

Mean Corpuscular Volume
----------------------------------------------------------------------------------------------------
  ⚠️  WARNING: Multiple columns detected (potential unit inconsistency)
  Column: MCV (MEAN CELL VOLUME)
    Records: 217 (2.0%)
    Range: 60.50 - 121.10
    Mean: 96.74, Median: 96.60
    Contributing studies:
  Column: Mean corpuscular volume (fL)
    Records: 1,052 (9.5%)
    Range: 58.10 - 103.50
    Mean: 86.91, Median: 87.50
    Contributing studies:

Creatinine
----------------------------------------------------------------------------------------------------
  Column: creatinine_umol_L
    Records: 217 (2.0%)
    Range: 31.00 - 169.00
    Mean: 63.87, Median: 62.00
    Contributing studies:

Creatinine Clearance
----------------------------------------------------------------------------------------------------
  Column: creatinine clearance
    Records: 217 (2.0%)
    Range: 40.00 - 243.00
    Mean: 129.04, Median: 126.00
    Contributing studies:

Fasting Glucose
----------------------------------------------------------------------------------------------------
  Column: fasting_glucose_mmol_L
    Records: 1,710 (15.5%)
    Range: 0.95 - 29.76
    Mean: 5.20, Median: 5.00
    Contributing studies:

Potassium
----------------------------------------------------------------------------------------------------
  Column: Potassium (mEq/L)
    Records: 179 (1.6%)
    Range: 3.50 - 6.60
    Mean: 4.81, Median: 4.80
    Contributing studies:
      Arm A: n=36, mean=4.94, range=[3.50, 6.40]
      Arm B: n=39, mean=4.84, range=[3.70, 6.20]
      Arm C: n=35, mean=4.66, range=[3.60, 5.80]
      Arm D: n=36, mean=4.85, range=[3.80, 6.60]
      Arm E: n=33, mean=4.77, range=[4.00, 5.70]

====================================================================================================
UNIT CONVERSION CHECK: Neutrophils and Lymphocytes
====================================================================================================

Note: ×10³/µL = ×10⁹/L (same unit, different notation)
Values should be identical if properly harmonized


====================================================================================================
SUMMARY
====================================================================================================

✅ ADDITIONAL BIOMARKERS DISCOVERED: 28

These biomarkers were not in the original analysis but have substantial data:
  • HDL Cholesterol                          (FASTING HDL): 2,918 records
  • LDL Cholesterol                          (FASTING LDL): 2,917 records
  • Total Cholesterol                        (total_cholesterol_mg_dL): 1,898 records
  • Fasting Glucose                          (fasting_glucose_mmol_L): 1,710 records
  • Lymphocyte Count                         (Lymphocyte count (×10⁹/L).1): 1,153 records
  • Neutrophil Count                         (Neutrophil count (×10⁹/L).1): 1,148 records
  • Monocyte Count                           (Monocyte count (×10⁹/L).1): 1,052 records
  • Eosinophil Count                         (Eosinophil count (×10⁹/L).1): 1,052 records
  • Basophil Count                           (Basophil count (×10⁹/L).1): 1,052 records
  • Mean Corpuscular Hemoglobin              (mch_pg): 1,052 records
  • Mean Corpuscular Hemoglobin Concentration (mchc_g_dL): 1,052 records
  • Mean Corpuscular Volume                  (Mean corpuscular volume (fL)): 1,052 records
  • Triglycerides                            (Triglycerides (mg/dL)): 972 records
  • Triglycerides                            (FASTING TRIGLYCERIDES): 972 records
  • HDL Cholesterol                          (hdl_cholesterol_mg_dL): 710 records
  • LDL Cholesterol                          (ldl_cholesterol_mg_dL): 710 records
  • Neutrophil Count                         (Neutrophil count (×10³/µL)): 217 records
  • Neutrophil Count                         (Neutrophil count (×10⁹/L)): 217 records
  • Lymphocyte Count                         (Lymphocyte count (×10³/µL)): 217 records
  • Lymphocyte Count                         (Lymphocyte count (×10⁹/L)): 217 records
  • Monocyte Count                           (Monocyte count (×10⁹/L)): 217 records
  • Eosinophil Count                         (Eosinophil count (×10⁹/L)): 217 records
  • Basophil Count                           (Basophil count (×10⁹/L)): 217 records
  • Red Cell Distribution Width              (RDW): 217 records
  • Mean Corpuscular Volume                  (MCV (MEAN CELL VOLUME)): 217 records
  • Creatinine                               (creatinine_umol_L): 217 records
  • Creatinine Clearance                     (creatinine clearance): 217 records
  • Potassium                                (Potassium (mEq/L)): 179 records

⚠️  CROSS-COMPARABILITY ISSUES DETECTED: 9

Issues that need attention:
  ⚠️  Neutrophil Count: Multiple columns with different naming/units
  ⚠️  Lymphocyte Count: Multiple columns with different naming/units
  ⚠️  Monocyte Count: Multiple columns with different naming/units
  ⚠️  Eosinophil Count: Multiple columns with different naming/units
  ⚠️  Basophil Count: Multiple columns with different naming/units
  ⚠️  HDL Cholesterol: Multiple columns with different naming/units
  ⚠️  LDL Cholesterol: Multiple columns with different naming/units
  ⚠️  Triglycerides: Multiple columns with different naming/units
  ⚠️  Mean Corpuscular Volume: Multiple columns with different naming/units

====================================================================================================
